<?xml version="1.0" encoding="UTF-8"?>
<testng-results ignored="0" total="1" passed="1" failed="0" skipped="0">
  <reporter-output>
  </reporter-output>
  <suite started-at="2024-09-18T18:54:53 IST" name="Surefire suite" finished-at="2024-09-18T18:54:53 IST" duration-ms="49">
    <groups>
    </groups>
    <test started-at="2024-09-18T18:54:53 IST" name="Surefire test" finished-at="2024-09-18T18:54:53 IST" duration-ms="49">
      <class name="SeleniumProject1.SeleniumP.AppTest">
        <test-method signature="shouldAnswerWithTrue()" started-at="2024-09-18T18:54:53 IST" name="shouldAnswerWithTrue" finished-at="2024-09-18T18:54:53 IST" duration-ms="8" status="PASS">
          <reporter-output>
          </reporter-output>
        </test-method> <!-- shouldAnswerWithTrue -->
      </class> <!-- SeleniumProject1.SeleniumP.AppTest -->
    </test> <!-- Surefire test -->
  </suite> <!-- Surefire suite -->
</testng-results>
