<?xml version="1.0" encoding="UTF-8"?>
<!-- Generated by org.testng.reporters.JUnitXMLReporter -->
<testsuite ignored="0" hostname="LAPTOP-P42BDU4T" failures="0" tests="11" name="Test" time="216.21" errors="0" timestamp="2024-10-08T18:40:27 IST">
  <testcase classname="project_1.Amazon_TC1_NewRegistration" name="Registration" time="1.867"/>
  <testcase classname="project_1.Amazon_TC2_LoginSuccessful" name="NewUserLogin" time="4.812"/>
  <testcase classname="project_1.Amazon_TC3_LoginFails" name="LoginFail_Case" time="3.357"/>
  <testcase classname="project_1.Amazon_TC4_ManageProfile" name="editprofile" time="9.512"/>
  <testcase classname="project_1.Amazon_TC5_SearchProduct" name="SearchProduct_filters" time="21.56"/>
  <testcase classname="project_1.Amazon_TC7_ProductDetails" name="ProductDescription" time="4.874"/>
  <testcase classname="project_1.Amazon_TC8_Products_SortedBy" name="sorting" time="5.926"/>
  <testcase classname="project_1.Amazon_TC9_AddToCart" name="cart" time="22.215"/>
  <testcase classname="project_1.Amazon_TC11_CheckoutProcess" name="Proceed_to_Buy" time="33.735"/>
  <testcase classname="project_1.Amazon_TC14_RatingsToLastProducts" name="rating" time="10.906"/>
  <testcase classname="project_1.Amazon_TC15_WithoutLogin_AddProduct_InCart" name="AddProduct_cart" time="11.34"/>
</testsuite> <!-- Test -->
