<?xml version="1.0" encoding="UTF-8"?>
<testng-results ignored="0" total="2" passed="2" failed="0" skipped="0">
  <reporter-output>
  </reporter-output>
  <suite started-at="2024-09-18T18:54:38 IST" name="Surefire suite" finished-at="2024-09-18T18:54:53 IST" duration-ms="15297">
    <groups>
    </groups>
    <test started-at="2024-09-18T18:54:38 IST" name="Surefire test" finished-at="2024-09-18T18:54:53 IST" duration-ms="15297">
      <class name="SeleniumProject1.SeleniumP.TestCase1">
        <test-method is-config="true" signature="launching()[pri:0, instance:SeleniumProject1.SeleniumP.TestCase1@57250572]" started-at="2024-09-18T18:54:38 IST" name="launching" finished-at="2024-09-18T18:54:45 IST" duration-ms="7266" status="PASS">
          <reporter-output>
          </reporter-output>
        </test-method> <!-- launching -->
        <test-method signature="login_to_amazon()[pri:0, instance:SeleniumProject1.SeleniumP.TestCase1@57250572]" started-at="2024-09-18T18:54:45 IST" name="login_to_amazon" finished-at="2024-09-18T18:54:51 IST" duration-ms="5589" status="PASS">
          <reporter-output>
          </reporter-output>
        </test-method> <!-- login_to_amazon -->
        <test-method is-config="true" signature="Quit()[pri:0, instance:SeleniumProject1.SeleniumP.TestCase1@57250572]" started-at="2024-09-18T18:54:51 IST" name="Quit" finished-at="2024-09-18T18:54:53 IST" duration-ms="2396" status="PASS">
          <reporter-output>
          </reporter-output>
        </test-method> <!-- Quit -->
      </class> <!-- SeleniumProject1.SeleniumP.TestCase1 -->
      <class name="SeleniumProject1.SeleniumP.TestCaseMavenNG">
        <test-method signature="case1()[pri:0, instance:SeleniumProject1.SeleniumP.TestCaseMavenNG@f381794]" started-at="2024-09-18T18:54:53 IST" name="case1" finished-at="2024-09-18T18:54:53 IST" duration-ms="1" status="PASS">
          <reporter-output>
          </reporter-output>
        </test-method> <!-- case1 -->
      </class> <!-- SeleniumProject1.SeleniumP.TestCaseMavenNG -->
    </test> <!-- Surefire test -->
  </suite> <!-- Surefire suite -->
</testng-results>
