<?xml version="1.0" encoding="UTF-8"?>
<!-- Generated by org.testng.reporters.JUnitXMLReporter -->
<testsuite ignored="0" hostname="LAPTOP-P42BDU4T" failures="0" tests="4" name="Test" time="73.207" errors="0" timestamp="2024-09-26T17:16:38 IST">
  <testcase classname="SeleniumProject1.SeleniumP.AmZ_TestCase1_HP" name="homepage" time="3.152"/>
  <testcase classname="SeleniumProject1.SeleniumP.AmZ_TestCase2_LP" name="login_amz" time="4.102"/>
  <testcase classname="SeleniumProject1.SeleniumP.AmZ_TestCase3_SR" name="searching" time="8.864"/>
  <testcase classname="SeleniumProject1.SeleniumP.AmZ_TestCase4_PD" name="Description" time="12.68"/>
</testsuite> <!-- Test -->
