<?xml version="1.0" encoding="UTF-8"?>
<testng-results ignored="0" total="11" passed="11" failed="0" skipped="0">
  <reporter-output>
  </reporter-output>
  <suite started-at="2024-10-08T18:36:51 IST" name="Suite" finished-at="2024-10-08T18:40:27 IST" duration-ms="216210">
    <groups>
    </groups>
    <test started-at="2024-10-08T18:36:51 IST" name="Test" finished-at="2024-10-08T18:40:27 IST" duration-ms="216210">
      <class name="project_1.Amazon_TC2_LoginSuccessful">
        <test-method is-config="true" signature="launching()[pri:0, instance:project_1.Amazon_TC2_LoginSuccessful@428640fa]" started-at="2024-10-08T18:37:05 IST" name="launching" finished-at="2024-10-08T18:37:10 IST" duration-ms="4371" status="PASS">
          <reporter-output>
          </reporter-output>
        </test-method> <!-- launching -->
        <test-method signature="NewUserLogin()[pri:0, instance:project_1.Amazon_TC2_LoginSuccessful@428640fa]" started-at="2024-10-08T18:37:10 IST" name="NewUserLogin" finished-at="2024-10-08T18:37:14 IST" duration-ms="4812" status="PASS">
          <reporter-output>
          </reporter-output>
        </test-method> <!-- NewUserLogin -->
        <test-method is-config="true" signature="Quit()[pri:0, instance:project_1.Amazon_TC2_LoginSuccessful@428640fa]" started-at="2024-10-08T18:37:14 IST" name="Quit" finished-at="2024-10-08T18:37:17 IST" duration-ms="2425" status="PASS">
          <reporter-output>
          </reporter-output>
        </test-method> <!-- Quit -->
      </class> <!-- project_1.Amazon_TC2_LoginSuccessful -->
      <class name="project_1.Amazon_TC1_NewRegistration">
        <test-method is-config="true" signature="launching()[pri:0, instance:project_1.Amazon_TC1_NewRegistration@52af26ee]" started-at="2024-10-08T18:36:51 IST" name="launching" finished-at="2024-10-08T18:37:01 IST" duration-ms="9633" status="PASS">
          <reporter-output>
          </reporter-output>
        </test-method> <!-- launching -->
        <test-method signature="Registration()[pri:0, instance:project_1.Amazon_TC1_NewRegistration@52af26ee]" started-at="2024-10-08T18:37:01 IST" name="Registration" finished-at="2024-10-08T18:37:03 IST" duration-ms="1867" status="PASS">
          <reporter-output>
          </reporter-output>
        </test-method> <!-- Registration -->
        <test-method is-config="true" signature="Quit()[pri:0, instance:project_1.Amazon_TC1_NewRegistration@52af26ee]" started-at="2024-10-08T18:37:03 IST" name="Quit" finished-at="2024-10-08T18:37:05 IST" duration-ms="2490" status="PASS">
          <reporter-output>
          </reporter-output>
        </test-method> <!-- Quit -->
      </class> <!-- project_1.Amazon_TC1_NewRegistration -->
      <class name="project_1.Amazon_TC8_Products_SortedBy">
        <test-method is-config="true" signature="launching()[pri:0, instance:project_1.Amazon_TC8_Products_SortedBy@4efac082]" started-at="2024-10-08T18:38:29 IST" name="launching" finished-at="2024-10-08T18:38:34 IST" duration-ms="4789" status="PASS">
          <reporter-output>
          </reporter-output>
        </test-method> <!-- launching -->
        <test-method signature="sorting()[pri:0, instance:project_1.Amazon_TC8_Products_SortedBy@4efac082]" started-at="2024-10-08T18:38:34 IST" name="sorting" finished-at="2024-10-08T18:38:40 IST" duration-ms="5926" status="PASS">
          <reporter-output>
          </reporter-output>
        </test-method> <!-- sorting -->
        <test-method is-config="true" signature="Quit()[pri:0, instance:project_1.Amazon_TC8_Products_SortedBy@4efac082]" started-at="2024-10-08T18:38:40 IST" name="Quit" finished-at="2024-10-08T18:38:43 IST" duration-ms="2867" status="PASS">
          <reporter-output>
          </reporter-output>
        </test-method> <!-- Quit -->
      </class> <!-- project_1.Amazon_TC8_Products_SortedBy -->
      <class name="project_1.Amazon_TC5_SearchProduct">
        <test-method is-config="true" signature="launching()[pri:0, instance:project_1.Amazon_TC5_SearchProduct@29215f06]" started-at="2024-10-08T18:37:41 IST" name="launching" finished-at="2024-10-08T18:37:53 IST" duration-ms="11719" status="PASS">
          <reporter-output>
          </reporter-output>
        </test-method> <!-- launching -->
        <test-method signature="SearchProduct_filters()[pri:0, instance:project_1.Amazon_TC5_SearchProduct@29215f06]" started-at="2024-10-08T18:37:53 IST" name="SearchProduct_filters" finished-at="2024-10-08T18:38:15 IST" duration-ms="21560" status="PASS">
          <reporter-output>
          </reporter-output>
        </test-method> <!-- SearchProduct_filters -->
        <test-method is-config="true" signature="Quit()[pri:0, instance:project_1.Amazon_TC5_SearchProduct@29215f06]" started-at="2024-10-08T18:38:15 IST" name="Quit" finished-at="2024-10-08T18:38:17 IST" duration-ms="2729" status="PASS">
          <reporter-output>
          </reporter-output>
        </test-method> <!-- Quit -->
      </class> <!-- project_1.Amazon_TC5_SearchProduct -->
      <class name="project_1.Amazon_TC11_CheckoutProcess">
        <test-method is-config="true" signature="launching()[pri:0, instance:project_1.Amazon_TC11_CheckoutProcess@b9b00e0]" started-at="2024-10-08T18:39:11 IST" name="launching" finished-at="2024-10-08T18:39:15 IST" duration-ms="4715" status="PASS">
          <reporter-output>
          </reporter-output>
        </test-method> <!-- launching -->
        <test-method signature="Proceed_to_Buy()[pri:0, instance:project_1.Amazon_TC11_CheckoutProcess@b9b00e0]" started-at="2024-10-08T18:39:15 IST" name="Proceed_to_Buy" finished-at="2024-10-08T18:39:49 IST" duration-ms="33735" status="PASS">
          <reporter-output>
          </reporter-output>
        </test-method> <!-- Proceed_to_Buy -->
        <test-method is-config="true" signature="Quit()[pri:0, instance:project_1.Amazon_TC11_CheckoutProcess@b9b00e0]" started-at="2024-10-08T18:39:49 IST" name="Quit" finished-at="2024-10-08T18:39:52 IST" duration-ms="2688" status="PASS">
          <reporter-output>
          </reporter-output>
        </test-method> <!-- Quit -->
      </class> <!-- project_1.Amazon_TC11_CheckoutProcess -->
      <class name="project_1.Amazon_TC3_LoginFails">
        <test-method is-config="true" signature="launching()[pri:0, instance:project_1.Amazon_TC3_LoginFails@d9345cd]" started-at="2024-10-08T18:37:17 IST" name="launching" finished-at="2024-10-08T18:37:20 IST" duration-ms="3391" status="PASS">
          <reporter-output>
          </reporter-output>
        </test-method> <!-- launching -->
        <test-method signature="LoginFail_Case()[pri:0, instance:project_1.Amazon_TC3_LoginFails@d9345cd]" started-at="2024-10-08T18:37:20 IST" name="LoginFail_Case" finished-at="2024-10-08T18:37:24 IST" duration-ms="3357" status="PASS">
          <reporter-output>
          </reporter-output>
        </test-method> <!-- LoginFail_Case -->
        <test-method is-config="true" signature="Quit()[pri:0, instance:project_1.Amazon_TC3_LoginFails@d9345cd]" started-at="2024-10-08T18:37:24 IST" name="Quit" finished-at="2024-10-08T18:37:26 IST" duration-ms="2398" status="PASS">
          <reporter-output>
          </reporter-output>
        </test-method> <!-- Quit -->
      </class> <!-- project_1.Amazon_TC3_LoginFails -->
      <class name="project_1.Amazon_TC4_ManageProfile">
        <test-method is-config="true" signature="launching()[pri:0, instance:project_1.Amazon_TC4_ManageProfile@2d710f1a]" started-at="2024-10-08T18:37:26 IST" name="launching" finished-at="2024-10-08T18:37:29 IST" duration-ms="3482" status="PASS">
          <reporter-output>
          </reporter-output>
        </test-method> <!-- launching -->
        <test-method signature="editprofile()[pri:0, instance:project_1.Amazon_TC4_ManageProfile@2d710f1a]" started-at="2024-10-08T18:37:29 IST" name="editprofile" finished-at="2024-10-08T18:37:39 IST" duration-ms="9512" status="PASS">
          <reporter-output>
          </reporter-output>
        </test-method> <!-- editprofile -->
        <test-method is-config="true" signature="Quit()[pri:0, instance:project_1.Amazon_TC4_ManageProfile@2d710f1a]" started-at="2024-10-08T18:37:39 IST" name="Quit" finished-at="2024-10-08T18:37:41 IST" duration-ms="2405" status="PASS">
          <reporter-output>
          </reporter-output>
        </test-method> <!-- Quit -->
      </class> <!-- project_1.Amazon_TC4_ManageProfile -->
      <class name="project_1.Amazon_TC7_ProductDetails">
        <test-method is-config="true" signature="launching()[pri:0, instance:project_1.Amazon_TC7_ProductDetails@59505b48]" started-at="2024-10-08T18:38:17 IST" name="launching" finished-at="2024-10-08T18:38:22 IST" duration-ms="4361" status="PASS">
          <reporter-output>
          </reporter-output>
        </test-method> <!-- launching -->
        <test-method signature="ProductDescription()[pri:0, instance:project_1.Amazon_TC7_ProductDetails@59505b48]" started-at="2024-10-08T18:38:22 IST" name="ProductDescription" finished-at="2024-10-08T18:38:27 IST" duration-ms="4874" status="PASS">
          <reporter-output>
          </reporter-output>
        </test-method> <!-- ProductDescription -->
        <test-method is-config="true" signature="Quit()[pri:0, instance:project_1.Amazon_TC7_ProductDetails@59505b48]" started-at="2024-10-08T18:38:27 IST" name="Quit" finished-at="2024-10-08T18:38:29 IST" duration-ms="2474" status="PASS">
          <reporter-output>
          </reporter-output>
        </test-method> <!-- Quit -->
      </class> <!-- project_1.Amazon_TC7_ProductDetails -->
      <class name="project_1.Amazon_TC9_AddToCart">
        <test-method is-config="true" signature="launching()[pri:0, instance:project_1.Amazon_TC9_AddToCart@13fd2ccd]" started-at="2024-10-08T18:38:43 IST" name="launching" finished-at="2024-10-08T18:38:46 IST" duration-ms="3101" status="PASS">
          <reporter-output>
          </reporter-output>
        </test-method> <!-- launching -->
        <test-method signature="cart()[pri:0, instance:project_1.Amazon_TC9_AddToCart@13fd2ccd]" started-at="2024-10-08T18:38:46 IST" name="cart" finished-at="2024-10-08T18:39:08 IST" duration-ms="22215" status="PASS">
          <reporter-output>
          </reporter-output>
        </test-method> <!-- cart -->
        <test-method is-config="true" signature="Quit()[pri:0, instance:project_1.Amazon_TC9_AddToCart@13fd2ccd]" started-at="2024-10-08T18:39:08 IST" name="Quit" finished-at="2024-10-08T18:39:11 IST" duration-ms="2646" status="PASS">
          <reporter-output>
          </reporter-output>
        </test-method> <!-- Quit -->
      </class> <!-- project_1.Amazon_TC9_AddToCart -->
      <class name="project_1.Amazon_TC15_WithoutLogin_AddProduct_InCart">
        <test-method is-config="true" signature="launching()[pri:0, instance:project_1.Amazon_TC15_WithoutLogin_AddProduct_InCart@7d4f9aae]" started-at="2024-10-08T18:40:09 IST" name="launching" finished-at="2024-10-08T18:40:13 IST" duration-ms="4024" status="PASS">
          <reporter-output>
          </reporter-output>
        </test-method> <!-- launching -->
        <test-method signature="AddProduct_cart()[pri:0, instance:project_1.Amazon_TC15_WithoutLogin_AddProduct_InCart@7d4f9aae]" started-at="2024-10-08T18:40:13 IST" name="AddProduct_cart" finished-at="2024-10-08T18:40:25 IST" duration-ms="11340" status="PASS">
          <reporter-output>
          </reporter-output>
        </test-method> <!-- AddProduct_cart -->
        <test-method is-config="true" signature="Quit()[pri:0, instance:project_1.Amazon_TC15_WithoutLogin_AddProduct_InCart@7d4f9aae]" started-at="2024-10-08T18:40:25 IST" name="Quit" finished-at="2024-10-08T18:40:27 IST" duration-ms="2792" status="PASS">
          <reporter-output>
          </reporter-output>
        </test-method> <!-- Quit -->
      </class> <!-- project_1.Amazon_TC15_WithoutLogin_AddProduct_InCart -->
      <class name="project_1.Amazon_TC14_RatingsToLastProducts">
        <test-method is-config="true" signature="launching()[pri:0, instance:project_1.Amazon_TC14_RatingsToLastProducts@506ae4d4]" started-at="2024-10-08T18:39:52 IST" name="launching" finished-at="2024-10-08T18:39:56 IST" duration-ms="4103" status="PASS">
          <reporter-output>
          </reporter-output>
        </test-method> <!-- launching -->
        <test-method signature="rating()[pri:0, instance:project_1.Amazon_TC14_RatingsToLastProducts@506ae4d4]" started-at="2024-10-08T18:39:56 IST" name="rating" finished-at="2024-10-08T18:40:07 IST" duration-ms="10906" status="PASS">
          <reporter-output>
          </reporter-output>
        </test-method> <!-- rating -->
        <test-method is-config="true" signature="Quit()[pri:0, instance:project_1.Amazon_TC14_RatingsToLastProducts@506ae4d4]" started-at="2024-10-08T18:40:07 IST" name="Quit" finished-at="2024-10-08T18:40:09 IST" duration-ms="2408" status="PASS">
          <reporter-output>
          </reporter-output>
        </test-method> <!-- Quit -->
      </class> <!-- project_1.Amazon_TC14_RatingsToLastProducts -->
    </test> <!-- Test -->
  </suite> <!-- Suite -->
</testng-results>
